2025-01-19 22:12:53,614 - INFO - Starting the data import process.
2025-01-19 22:14:12,532 - INFO - Starting the data import process.
2025-01-19 22:14:12,584 - INFO - Connected to the database.
2025-01-19 22:15:12,907 - INFO - Starting the data import process.
2025-01-19 22:15:13,103 - INFO - Connected to the database.
2025-01-19 22:15:13,113 - INFO - Sequence public.base_vacancy_id_seq reset to start from 1.
2025-01-19 22:16:19,200 - INFO - Total rows in file: 6915297
2025-01-19 22:16:29,573 - INFO - Processed 1000 rows.
2025-01-19 22:16:30,197 - INFO - Processed 2000 rows.
2025-01-19 22:16:30,823 - INFO - Processed 3000 rows.
2025-01-19 22:16:31,433 - INFO - Processed 4000 rows.
2025-01-19 22:16:31,996 - INFO - Processed 5000 rows.
2025-01-19 22:16:32,514 - INFO - Processed 6000 rows.
2025-01-19 22:16:33,096 - INFO - Processed 7000 rows.
2025-01-19 22:16:34,596 - INFO - Processed 8000 rows.
2025-01-19 22:16:37,261 - INFO - Processed 9000 rows.
2025-01-19 22:16:39,122 - INFO - Processed 10000 rows.
2025-01-19 22:16:40,075 - INFO - Processed 11000 rows.
2025-01-19 22:16:42,255 - INFO - Processed 12000 rows.
2025-01-19 22:16:44,472 - INFO - Processed 13000 rows.
2025-01-19 22:16:46,675 - INFO - Processed 14000 rows.
2025-01-19 22:16:48,817 - INFO - Processed 15000 rows.
2025-01-19 22:16:51,338 - INFO - Processed 16000 rows.
2025-01-19 22:16:52,970 - INFO - Processed 17000 rows.
2025-01-19 22:16:55,482 - INFO - Processed 18000 rows.
2025-01-19 22:16:57,459 - INFO - Processed 19000 rows.
2025-01-19 22:16:58,352 - INFO - Processed 20000 rows.
2025-01-19 22:16:59,166 - INFO - Processed 21000 rows.
2025-01-19 22:17:00,989 - INFO - Processed 22000 rows.
2025-01-19 22:17:03,423 - INFO - Processed 23000 rows.
2025-01-19 22:17:05,552 - INFO - Processed 24000 rows.
2025-01-19 22:17:08,257 - INFO - Processed 25000 rows.
2025-01-19 22:17:10,381 - INFO - Processed 26000 rows.
2025-01-19 22:17:13,116 - INFO - Processed 27000 rows.
2025-01-19 22:17:15,579 - INFO - Processed 28000 rows.
2025-01-19 22:17:17,913 - INFO - Processed 29000 rows.
2025-01-19 22:17:20,747 - INFO - Processed 30000 rows.
2025-01-19 22:17:22,831 - INFO - Processed 31000 rows.
2025-01-19 22:17:25,513 - INFO - Processed 32000 rows.
2025-01-19 22:17:27,314 - INFO - Processed 33000 rows.
2025-01-19 22:17:28,890 - INFO - Processed 34000 rows.
2025-01-19 22:17:29,968 - INFO - Processed 35000 rows.
2025-01-19 22:17:30,852 - INFO - Processed 36000 rows.
2025-01-19 22:17:31,778 - INFO - Processed 37000 rows.
2025-01-19 22:17:33,799 - INFO - Processed 38000 rows.
2025-01-19 22:17:36,118 - INFO - Processed 39000 rows.
2025-01-19 22:17:37,844 - INFO - Processed 40000 rows.
2025-01-19 22:17:38,512 - INFO - Processed 41000 rows.
2025-01-19 22:17:39,246 - INFO - Processed 42000 rows.
2025-01-19 22:17:40,430 - INFO - Processed 43000 rows.
2025-01-19 22:17:41,102 - INFO - Processed 44000 rows.
2025-01-19 22:17:41,746 - INFO - Processed 45000 rows.
2025-01-19 22:17:42,872 - INFO - Processed 46000 rows.
2025-01-19 22:17:43,755 - INFO - Processed 47000 rows.
2025-01-19 22:17:44,583 - INFO - Processed 48000 rows.
2025-01-19 22:17:47,429 - INFO - Processed 49000 rows.
2025-01-19 22:17:50,134 - INFO - Processed 50000 rows.
2025-01-19 22:17:52,196 - INFO - Processed 51000 rows.
2025-01-19 22:17:55,192 - INFO - Processed 52000 rows.
2025-01-19 22:17:57,398 - INFO - Processed 53000 rows.
2025-01-19 22:18:00,163 - INFO - Processed 54000 rows.
2025-01-19 22:18:02,366 - INFO - Processed 55000 rows.
2025-01-19 22:18:04,529 - INFO - Processed 56000 rows.
2025-01-19 22:18:05,454 - INFO - Processed 57000 rows.
2025-01-19 22:18:05,946 - INFO - Processed 58000 rows.
2025-01-19 22:18:07,109 - INFO - Processed 59000 rows.
2025-01-19 22:18:07,882 - INFO - Processed 60000 rows.
2025-01-19 22:18:08,560 - INFO - Processed 61000 rows.
2025-01-19 22:18:09,862 - INFO - Processed 62000 rows.
2025-01-19 22:18:11,156 - INFO - Processed 63000 rows.
2025-01-19 22:18:13,097 - INFO - Processed 64000 rows.
2025-01-19 22:18:14,061 - INFO - Processed 65000 rows.
2025-01-19 22:18:14,787 - INFO - Processed 66000 rows.
2025-01-19 22:18:15,562 - INFO - Processed 67000 rows.
2025-01-19 22:18:16,280 - INFO - Processed 68000 rows.
2025-01-19 22:18:16,895 - INFO - Processed 69000 rows.
2025-01-19 22:18:17,368 - INFO - Processed 70000 rows.
2025-01-19 22:18:18,094 - INFO - Processed 71000 rows.
2025-01-19 22:18:18,847 - INFO - Processed 72000 rows.
2025-01-19 22:18:19,278 - INFO - Processed 73000 rows.
2025-01-19 22:18:19,754 - INFO - Processed 74000 rows.
2025-01-19 22:18:20,495 - INFO - Processed 75000 rows.
2025-01-19 22:18:22,636 - INFO - Processed 76000 rows.
2025-01-19 22:18:23,882 - INFO - Processed 77000 rows.
2025-01-19 22:18:25,509 - INFO - Processed 78000 rows.
2025-01-19 22:18:27,304 - INFO - Processed 79000 rows.
2025-01-19 22:18:28,006 - INFO - Processed 80000 rows.
2025-01-19 22:18:28,609 - INFO - Processed 81000 rows.
2025-01-19 22:18:31,146 - INFO - Processed 82000 rows.
2025-01-19 22:18:32,952 - INFO - Processed 83000 rows.
2025-01-19 22:18:33,790 - INFO - Processed 84000 rows.
2025-01-19 22:18:35,324 - INFO - Processed 85000 rows.
2025-01-19 22:18:37,019 - INFO - Processed 86000 rows.
2025-01-19 22:18:38,261 - INFO - Processed 87000 rows.
2025-01-19 22:18:39,616 - INFO - Processed 88000 rows.
2025-01-19 22:18:42,203 - INFO - Processed 89000 rows.
2025-01-19 22:18:43,225 - INFO - Processed 90000 rows.
2025-01-19 22:18:44,857 - INFO - Processed 91000 rows.
2025-01-19 22:18:45,500 - INFO - Processed 92000 rows.
2025-01-19 22:18:45,967 - INFO - Processed 93000 rows.
2025-01-19 22:18:46,514 - INFO - Processed 94000 rows.
2025-01-19 22:18:47,308 - INFO - Processed 95000 rows.
2025-01-19 22:18:48,300 - INFO - Processed 96000 rows.
2025-01-19 22:18:48,878 - INFO - Processed 97000 rows.
2025-01-19 22:18:49,346 - INFO - Processed 98000 rows.
2025-01-19 22:18:50,754 - INFO - Processed 99000 rows.
2025-01-19 22:18:53,425 - INFO - Processed 100000 rows.
2025-01-19 22:18:53,425 - INFO - Reached the maximum limit of 100000 rows. Stopping the process.
2025-01-19 22:18:53,462 - INFO - Data import completed. Total rows processed: 100000. Total time: 220.35 seconds.
